#
# There is insufficient memory for the Java Runtime Environment to continue.
# Native memory allocation (mmap) failed to map 266338304 bytes for Failed to commit area from 0x0000000702400000 to 0x0000000712200000 of length 266338304.
# Possible reasons:
#   The system is out of physical RAM or swap space
#   The process is running with CompressedOops enabled, and the Java Heap may be blocking the growth of the native heap
# Possible solutions:
#   Reduce memory load on the system
#   Increase physical memory or swap space
#   Check if swap backing store is full
#   Decrease Java heap size (-Xmx/-Xms)
#   Decrease number of Java threads
#   Decrease Java thread stack sizes (-Xss)
#   Set larger code cache with -XX:ReservedCodeCacheSize=
# This output file may be truncated or incomplete.
#
#  Out of Memory Error (./src/hotspot/os/windows/os_windows.cpp:3390), pid=3304, tid=6412
#
# JRE version:  (11.0.15+9) (build )
# Java VM: OpenJDK 64-Bit Server VM (11.0.15+9-LTS, mixed mode, sharing, tiered, compressed oops, g1 gc, windows-amd64)
# No core dump will be written. Minidumps are not enabled by default on client versions of Windows
#

---------------  S U M M A R Y ------------

Command Line: C:\Temp\surefire8034714518105199755\surefirebooter13156228768311866981.jar C:\Temp\surefire8034714518105199755 2023-10-19T12-25-13_971-jvmRun1 surefire1751352142105699611tmp surefire_014295699665175476285tmp

Host: 11th Gen Intel(R) Core(TM) i7-11800H @ 2.30GHz, 16 cores, 15G,  Windows 10 , 64 bit Build 19041 (10.0.19041.1741)
Time: Thu Oct 19 12:25:16 2023 RTZ 2 (s 10 , 64 bit Build 19041 (10.0.19041.1741) elapsed time: 0.006275 seconds (0d 0h 0m 0s)

---------------  T H R E A D  ---------------

Current thread (0x000002b2f291a000):  JavaThread "Unknown thread" [_thread_in_vm, id=6412, stack(0x000000c1b0800000,0x000000c1b0900000)]

Stack: [0x000000c1b0800000,0x000000c1b0900000]
Native frames: (J=compiled Java code, j=interpreted, Vv=VM code, C=native code)
V  [jvm.dll+0x61e7ba]
V  [jvm.dll+0x7ab749]
V  [jvm.dll+0x7ace38]
V  [jvm.dll+0x7ad513]
V  [jvm.dll+0x24f968]
V  [jvm.dll+0x61ba5a]
V  [jvm.dll+0x6102b5]
V  [jvm.dll+0x30768c]
V  [jvm.dll+0x307512]
V  [jvm.dll+0x30c226]
V  [jvm.dll+0x3528cf]
V  [jvm.dll+0x352300]
V  [jvm.dll+0x2e4688]
V  [jvm.dll+0x2e57e6]
V  [jvm.dll+0x785597]
V  [jvm.dll+0x786d1f]
V  [jvm.dll+0x35f609]
V  [jvm.dll+0x768530]
V  [jvm.dll+0x3cd0ff]
V  [jvm.dll+0x3cf491]
C  [jli.dll+0x5207]
C  [ucrtbase.dll+0x21bb2]
C  [KERNEL32.DLL+0x17034]
C  [ntdll.dll+0x52651]


---------------  P R O C E S S  ---------------

Threads class SMR info:
_java_thread_list=0x000002b2f0703ec0, length=0, elements={
}

Java Threads: ( => current thread )

Other Threads:
  0x000002b2f2931800 GCTaskThread "GC Thread#0" [stack: 0x000000c1b0900000,0x000000c1b0a00000] [id=16124]
  0x000002b2f2990800 ConcurrentGCThread "G1 Main Marker" [stack: 0x000000c1b0a00000,0x000000c1b0b00000] [id=11080]
  0x000002b2f2992800 ConcurrentGCThread "G1 Conc#0" [stack: 0x000000c1b0b00000,0x000000c1b0c00000] [id=10168]

[error occurred during error reporting (printing all threads), id 0xc0000005, EXCEPTION_ACCESS_VIOLATION (0xc0000005) at pc=0x00007ffd9ae43e57]

VM state:not at safepoint (not fully initialized)

VM Mutex/Monitor currently owned by a thread:  ([mutex/lock_event])
[0x000002b2f2916390] Heap_lock - owner thread: 0x000002b2f291a000

Heap address: 0x0000000702400000, size: 4060 MB, Compressed Oops mode: Non-zero based: 0x0000000702400000
Narrow klass base: 0x0000000000000000, Narrow klass shift: 0

GC Heap History (0 events):
No events

Deoptimization events (0 events):
No events

Classes redefined (0 events):
No events

Internal exceptions (0 events):
No events

Events (1 events):
Event: 0.003 Loaded shared library C:\Users\Константин\.jdks\corretto-11.0.15\bin\zip.dll


Dynamic libraries:
0x00007ff7b1440000 - 0x00007ff7b144d000 	C:\Users\Константин\.jdks\corretto-11.0.15\bin\java.exe
0x00007ffddca30000 - 0x00007ffddcc27000 	C:\Windows\SYSTEM32\ntdll.dll
0x00007ffddc3d0000 - 0x00007ffddc48d000 	C:\Windows\System32\KERNEL32.DLL
0x00007ffdda150000 - 0x00007ffdda41d000 	C:\Windows\System32\KERNELBASE.dll
0x00007ffdda560000 - 0x00007ffdda660000 	C:\Windows\System32\ucrtbase.dll
0x00007ffdcd4d0000 - 0x00007ffdcd4e7000 	C:\Users\Константин\.jdks\corretto-11.0.15\bin\jli.dll
0x00007ffdc5180000 - 0x00007ffdc5199000 	C:\Users\Константин\.jdks\corretto-11.0.15\bin\VCRUNTIME140.dll
0x00007ffddc000000 - 0x00007ffddc1a0000 	C:\Windows\System32\USER32.dll
0x00007ffdc2bc0000 - 0x00007ffdc2e5a000 	C:\Windows\WinSxS\amd64_microsoft.windows.common-controls_6595b64144ccf1df_6.0.19041.1110_none_60b5254171f9507e\COMCTL32.dll
0x00007ffdda420000 - 0x00007ffdda442000 	C:\Windows\System32\win32u.dll
0x00007ffddbfd0000 - 0x00007ffddbffa000 	C:\Windows\System32\GDI32.dll
0x00007ffddbf30000 - 0x00007ffddbfce000 	C:\Windows\System32\msvcrt.dll
0x00007ffdda980000 - 0x00007ffddaa8b000 	C:\Windows\System32\gdi32full.dll
0x00007ffdda450000 - 0x00007ffdda4ed000 	C:\Windows\System32\msvcp_win.dll
0x00007ffddaa90000 - 0x00007ffddaac0000 	C:\Windows\System32\IMM32.DLL
0x00007ffda1d00000 - 0x00007ffda1d9b000 	C:\Users\Константин\.jdks\corretto-11.0.15\bin\msvcp140.dll
0x00007ffd9ab50000 - 0x00007ffd9b6d3000 	C:\Users\Константин\.jdks\corretto-11.0.15\bin\server\jvm.dll
0x00007ffddad40000 - 0x00007ffddadee000 	C:\Windows\System32\ADVAPI32.dll
0x00007ffddc1a0000 - 0x00007ffddc23c000 	C:\Windows\System32\sechost.dll
0x00007ffddbd90000 - 0x00007ffddbeb5000 	C:\Windows\System32\RPCRT4.dll
0x00007ffddbec0000 - 0x00007ffddbec8000 	C:\Windows\System32\PSAPI.DLL
0x00007ffdbe270000 - 0x00007ffdbe279000 	C:\Windows\SYSTEM32\WSOCK32.dll
0x00007ffddc360000 - 0x00007ffddc3cb000 	C:\Windows\System32\WS2_32.dll
0x00007ffdd0280000 - 0x00007ffdd028a000 	C:\Windows\SYSTEM32\VERSION.dll
0x00007ffdcdf90000 - 0x00007ffdcdfb7000 	C:\Windows\SYSTEM32\WINMM.dll
0x00007ffdd8010000 - 0x00007ffdd8022000 	C:\Windows\SYSTEM32\kernel.appcore.dll
0x00007ffdd2b70000 - 0x00007ffdd2b80000 	C:\Users\Константин\.jdks\corretto-11.0.15\bin\verify.dll
0x00007ffdc4f00000 - 0x00007ffdc50e4000 	C:\Windows\SYSTEM32\DBGHELP.DLL
0x00007ffdb5700000 - 0x00007ffdb572c000 	C:\Windows\SYSTEM32\dbgcore.DLL
0x00007ffdda8a0000 - 0x00007ffdda922000 	C:\Windows\System32\bcryptPrimitives.dll
0x00007ffdbe3c0000 - 0x00007ffdbe3e8000 	C:\Users\Константин\.jdks\corretto-11.0.15\bin\java.dll
0x00007ffdd2250000 - 0x00007ffdd225a000 	C:\Users\Константин\.jdks\corretto-11.0.15\bin\jimage.dll
0x00007ffdc4b20000 - 0x00007ffdc4b38000 	C:\Users\Константин\.jdks\corretto-11.0.15\bin\zip.dll

dbghelp: loaded successfully - version: 4.0.5 - missing functions: none
symbol engine: initialized successfully - sym options: 0x614 - pdb path: .;C:\Users\Константин\.jdks\corretto-11.0.15\bin;C:\Windows\SYSTEM32;C:\Windows\WinSxS\amd64_microsoft.windows.common-controls_6595b64144ccf1df_6.0.19041.1110_none_60b5254171f9507e;C:\Users\Константин\.jdks\corretto-11.0.15\bin\server

VM Arguments:
java_command: C:\Temp\surefire8034714518105199755\surefirebooter13156228768311866981.jar C:\Temp\surefire8034714518105199755 2023-10-19T12-25-13_971-jvmRun1 surefire1751352142105699611tmp surefire_014295699665175476285tmp
java_class_path (initial): C:\Temp\surefire8034714518105199755\surefirebooter13156228768311866981.jar
Launcher Type: SUN_STANDARD

[Global flags]
     intx CICompilerCount                          = 12                                        {product} {ergonomic}
     uint ConcGCThreads                            = 3                                         {product} {ergonomic}
     uint G1ConcRefinementThreads                  = 13                                        {product} {ergonomic}
   size_t G1HeapRegionSize                         = 1048576                                   {product} {ergonomic}
    uintx GCDrainStackTargetSize                   = 64                                        {product} {ergonomic}
   size_t InitialHeapSize                          = 266338304                                 {product} {ergonomic}
   size_t MarkStackSize                            = 4194304                                   {product} {ergonomic}
   size_t MaxHeapSize                              = 4257218560                                {product} {ergonomic}
   size_t MinHeapDeltaBytes                        = 1048576                                   {product} {ergonomic}
    uintx NonNMethodCodeHeapSize                   = 7594288                                {pd product} {ergonomic}
    uintx NonProfiledCodeHeapSize                  = 122031976                              {pd product} {ergonomic}
    uintx ProfiledCodeHeapSize                     = 122031976                              {pd product} {ergonomic}
    uintx ReservedCodeCacheSize                    = 251658240                              {pd product} {ergonomic}
     bool SegmentedCodeCache                       = true                                      {product} {ergonomic}
     bool UseCompressedClassPointers               = true                                 {lp64_product} {ergonomic}
     bool UseCompressedOops                        = true                                 {lp64_product} {ergonomic}
     bool UseG1GC                                  = true                                      {product} {ergonomic}
     bool UseLargePagesIndividualAllocation        = false                                  {pd product} {ergonomic}

Logging:
Log output configuration:
 #0: stdout all=warning uptime,level,tags
 #1: stderr all=off uptime,level,tags

Environment Variables:
JAVA_HOME=C:\Program Files\Amazon Corretto\jdk11.0.14_9
PATH=C:\Program Files\Amazon Corretto\jdk11.0.14_9\bin;C:\Program Files\Microsoft MPI\Bin\;C:\Program Files (x86)\Common Files\Oracle\Java\javapath;C:\Windows\system32;C:\Windows;C:\Windows\System32\Wbem;C:\Windows\System32\WindowsPowerShell\v1.0\;c:\Program Files (x86)\Microsoft SQL Server\90\Tools\binn\;C:\Program Files\Microsoft SQL Server\90\DTS\Binn\;C:\Program Files (x86)\Microsoft SQL Server\90\DTS\Binn\;C:\Program Files (x86)\BMC Software\BMC AppSight\AppSight for Windows\Bin;C:\Program Files\PuTTY\;C:\Program Files\Git\cmd;C:\Program Files\apache-maven-3.8.4\bin;;C:\Program Files (x86)\NVIDIA Corporation\PhysX\Common;C:\Program Files\Docker\Docker\resources\bin;C:\Users\Константин\AppData\Local\Microsoft\WindowsApps;C:\Program Files\JetBrains\IntelliJ IDEA Community Edition 2021.3.1\bin;;
USERNAME=Константин
OS=Windows_NT
PROCESSOR_IDENTIFIER=Intel64 Family 6 Model 141 Stepping 1, GenuineIntel



---------------  S Y S T E M  ---------------

OS: Windows 10 , 64 bit Build 19041 (10.0.19041.1741)
OS uptime: 7 days 4:48 hours
Hyper-V role detected

CPU:total 16 (initial active 16) (8 cores per cpu, 2 threads per core) family 6 model 141 stepping 1 microcode 0x3c, cmov, cx8, fxsr, mmx, sse, sse2, sse3, ssse3, sse4.1, sse4.2, popcnt, avx, avx2, aes, clmul, erms, 3dnowpref, lzcnt, ht, tsc, tscinvbit, bmi1, bmi2, adx, evex, sha, fma

Memory: 4k page, system-wide physical 16235M (2106M free)
TotalPageFile size 16235M (AvailPageFile size 109M)
current process WorkingSet (physical memory assigned to process): 10M, peak: 10M
current process commit charge ("private bytes"): 71M, peak: 325M

vm_info: OpenJDK 64-Bit Server VM (11.0.15+9-LTS) for windows-amd64 JRE (11.0.15+9-LTS), built on Apr 15 2022 22:20:31 by "Administrator" with unknown MS VC++:1916

END.
